app/build/outputs/logs/manifest-merger-debug-report.txt
-- Merging decision tree log ---
manifest
ADDED from src\main\AndroidManifest.xml:21:1-37:12
	xmlns:android
		ADDED from src\main\AndroidManifest.xml:21:11-69
	package
		ADDED from src\main\AndroidManifest.xml:22:5-33
		INJECTED from src\main\AndroidManifest.xml
		INJECTED from src\main\AndroidManifest.xml
application
ADDED from src\main\AndroidManifest.xml:23:5-34:19
	android:label
		ADDED from src\main\AndroidManifest.xml:24:13-52
activity#com.android.gl2jni.GL2JNIActivity
ADDED from src\main\AndroidManifest.xml:25:9-33:20
	android:configChanges
		ADDED from src\main\AndroidManifest.xml:28:14-64
	android:theme
		ADDED from src\main\AndroidManifest.xml:26:17-75
	android:name
		ADDED from src\main\AndroidManifest.xml:25:19-48
	android:launchMode
		ADDED from src\main\AndroidManifest.xml:27:14-45
intent-filter#android.intent.action.MAIN+android.intent.category.LAUNCHER
ADDED from src\main\AndroidManifest.xml:29:13-32:29
action#android.intent.action.MAIN
ADDED from src\main\AndroidManifest.xml:30:17-69
	android:name
		ADDED from src\main\AndroidManifest.xml:30:25-66
category#android.intent.category.LAUNCHER
ADDED from src\main\AndroidManifest.xml:31:17-77
	android:name
		ADDED from src\main\AndroidManifest.xml:31:27-74
uses-feature#0x00020000
ADDED from src\main\AndroidManifest.xml:35:5-53
	android:glEsVersion
		ADDED from src\main\AndroidManifest.xml:35:19-51
uses-sdk
ADDED from src\main\AndroidManifest.xml:36:5-42
	android:targetSdkVersion
		INJECTED from src\main\AndroidManifest.xml
		INJECTED from src\main\AndroidManifest.xml
	android:minSdkVersion
		ADDED from src\main\AndroidManifest.xml:36:15-40
		INJECTED from src\main\AndroidManifest.xml
		INJECTED from src\main\AndroidManifest.xml